<?xml version="1.0" encoding="UTF-8"?>
<!-- Generated by org.testng.reporters.JUnitReportReporter -->
<testsuite hostname="DESKTOP-3NQPI56" name="TestCases.ReverseStringCase" tests="6" failures="0" timestamp="5 Apr 2020 19:11:00 GMT" time="0.048" errors="0">
  <testcase name="TC004_ReverseStringWithSpecialCharacters" time="0.006" classname="TestCases.ReverseStringCase"/>
  <testcase name="TC002_ReverseStringWithAlphaNumericCharacters" time="0.004" classname="TestCases.ReverseStringCase"/>
  <testcase name="TC003_ReverseStringWithAlphabeticAndSpecialCharacters" time="0.004" classname="TestCases.ReverseStringCase"/>
  <testcase name="TC005_ReverseStringWithAlphabeticNumericAndSpecialCharacters" time="0.006" classname="TestCases.ReverseStringCase"/>
  <testcase name="TC004_ReverseStringWithNumericAndSpecialCharacters" time="0.003" classname="TestCases.ReverseStringCase"/>
  <testcase name="TC001_ReverseStringWithAlphabeticCharacters" time="0.025" classname="TestCases.ReverseStringCase"/>
</testsuite> <!-- TestCases.ReverseStringCase -->
