<?xml version="1.0" encoding="UTF-8"?>
<!-- Generated by org.testng.reporters.JUnitReportReporter -->
<testsuite hostname="DESKTOP-3NQPI56" name="TestCases.GetDeatilsOFApps" tests="3" failures="0" timestamp="5 Apr 2020 19:22:14 GMT" time="307.915" errors="0">
  <testcase name="TC002_CountGamesInTheApplication" time="0.052" classname="TestCases.GetDeatilsOFApps"/>
  <testcase name="TC001_ScrollApplicationToAvailableGames" time="0.585" classname="TestCases.GetDeatilsOFApps"/>
  <testcase name="TC003_LaunchGameAndPrintDetailsOfGame" time="307.278" classname="TestCases.GetDeatilsOFApps"/>
</testsuite> <!-- TestCases.GetDeatilsOFApps -->
